163:/opt/homebrew/share/lua/5.4/busted/block.lua
0 0 0 0 0 0 0 0 0 0 0 0 0 0 0 6 6 0 6 55329 0 55329 55335 0 6 3345 3345 60210 56865 51984 0 3345 3351 0 0 2254 2254 2254 2254 6 0 6 4783 0 4783 3692 3692 0 0 0 0 4783 166 0 4783 4783 4617 0 0 166 166 0 0 0 0 166 0 166 0 166 6 0 6 4949 0 4949 3692 3692 0 0 0 0 4949 0 4949 7203 2254 0 0 0 4949 4949 6 0 6 5115 5115 0 5115 5115 0 0 0 0 5115 0 5115 3692 0 0 0 5115 6 0 6 1091 6 0 6 166 166 166 0 172 0 6 166 6 0 6 166 6 0 6 160 0 160 160 160 0 0 0 0 160 0 160 160 0 160 0 0 0 0 160 160 0 0 160 160 0 166 0 6 
65:/opt/homebrew/share/lua/5.4/busted/compatibility.lua
0 0 3345 3345 3345 0 0 4948 4948 4948 0 3345 0 0 0 8 8 8 0 0 8 8 8 0 8 8 8 0 0 8 0 0 0 0 0 0 2 0 2 2 0 2 0 0 0 0 0 0 0 0 0 0 0 0 0 0 0 0 0 0 0 0 0 0 2 
130:/opt/homebrew/share/lua/5.4/busted/context.lua
0 0 0 8 368 360 8 8 8 8 8 8 0 0 0 8 368 360 8 368 0 360 0 0 8 1550 791 767 8 0 0 0 0 0 0 0 0 0 0 0 0 0 0 0 2254 2254 4508 2254 2254 0 2254 4508 0 0 0 0 0 0 0 2254 0 2254 0 0 3505 3505 8 3497 2254 1243 0 0 3505 3505 0 0 3505 3505 0 0 3505 8 0 3505 0 0 68416 0 0 0 0 0 0 0 0 0 0 0 0 0 0 0 0 0 1307 1307 1307 1307 0 0 172 0 0 0 160682 0 0 0 7270 7270 7270 7270 7270 0 0 7270 7270 7270 7270 7270 
317:/opt/homebrew/share/lua/5.4/busted/core.lua
0 0 0 0 0 0 0 24 0 0 0 0 0 0 0 0 0 0 0 0 0 0 0 18 18 12 6 0 0 6 0 0 0 30 0 0 0 8 0 0 0 0 0 0 0 0 0 0 0 0 0 0 0 0 0 0 0 0 0 0 0 0 0 0 0 0 0 0 0 1317 1317 0 1317 1317 1353 1329 36 36 0 0 1317 1317 0 1317 1317 0 0 0 18 18 18 18 0 18 18 0 0 0 0 0 18 0 0 0 3845 0 0 0 204 0 0 0 0 0 0 0 1335 0 3115 3115 8 8 8 8 8 8 0 0 3107 1327 1327 1327 1327 1327 0 0 1780 0 0 0 0 0 0 12 12 12 12 12 12 0 0 0 0 0 0 0 0 0 0 0 0 0 0 0 0 0 8 0 8 0 8 0 0 7270 7270 7270 0 14540 18 18 18 14558 0 7270 18 0 0 0 18 0 0 0 0 0 0 0 0 0 0 0 18 0 7270 0 7270 7270 0 0 0 2514 2514 2514 1257 1257 1257 1257 1257 1257 0 5028 2514 5028 2514 0 0 0 0 0 0 0 0 0 0 0 0 0 0 0 0 0 0 0 0 0 0 0 0 0 0 0 0 0 0 0 0 0 0 0 1307 56 56 1251 0 0 0 1307 0 1307 1307 1299 0 0 0 1307 2614 0 1307 1307 0 0 0 0 0 0 1307 1307 1307 1307 1307 1307 1307 1307 1307 1307 1307 1307 0 0 1307 0 1307 234 0 1073 0 1307 0 0 0 166 1473 1307 1307 2502 1307 166 166 
31:/opt/homebrew/share/lua/5.4/busted/environment.lua
0 0 0 0 0 0 0 196298 0 184970 131605 184970 0 0 0 0 0 0 0 0 64693 0 0 0 0 0 0 0 0 0 8 
72:/opt/homebrew/share/lua/5.4/busted/execute.lua
6 6 6 0 0 0 0 0 0 0 0 0 6 0 0 6 0 0 6 6 0 0 0 0 0 0 0 0 0 0 0 0 0 0 0 0 0 0 6 0 12 6 0 0 0 0 0 6 0 6 0 0 0 0 6 6 6 6 0 6 6 0 6 0 6 0 0 0 12 0 6 6 
129:/opt/homebrew/share/lua/5.4/busted/init.lua
0 0 0 0 8 8 8 0 8 8 0 0 152 152 152 0 152 152 0 0 1091 1091 0 1091 0 0 0 0 1091 0 1091 1091 1091 0 1091 0 1091 1091 1091 1091 1091 0 0 0 0 0 0 1091 0 0 1091 1091 0 0 0 0 0 0 0 0 0 0 0 0 0 0 0 0 0 0 0 0 0 0 0 0 0 0 0 0 0 0 0 0 0 0 0 0 0 0 0 0 0 0 0 0 0 0 0 0 0 0 0 0 0 0 0 0 0 0 0 0 0 0 0 0 0 0 0 0 0 0 0 0 0 0 0 0 3794 
50:/opt/homebrew/share/lua/5.4/busted/languages/en.lua
6 0 6 0 0 6 6 6 6 0 6 6 6 6 0 6 6 6 6 0 6 6 6 6 0 6 0 6 6 0 0 6 6 6 6 6 6 6 6 6 0 6 6 6 6 6 6 0 6 6 
4:/opt/homebrew/share/lua/5.4/busted/luajit.lua
6 0 6 12 
23:/opt/homebrew/share/lua/5.4/busted/modules/files/lua.lua
6 0 6 0 0 1317 1317 1317 6 0 0 8 6 0 0 8 8 0 0 8 6 0 6 
107:/opt/homebrew/share/lua/5.4/busted/modules/files/moonscript.lua
6 0 12 6 6 0 6 0 0 0 0 0 0 0 0 0 0 6 0 0 0 0 0 0 0 0 0 0 0 0 6 0 0 0 0 0 6 0 0 0 0 0 0 0 0 0 0 0 0 0 0 0 0 0 0 0 0 0 0 0 0 0 0 0 0 0 6 0 6 0 0 0 0 0 0 0 0 0 0 0 6 0 0 0 0 0 0 0 0 0 0 0 6 0 0 0 6 0 0 0 0 0 0 0 6 0 6 
156:/opt/homebrew/share/lua/5.4/busted/modules/filter_loader.lua
0 0 0 1091 1091 0 3692 3692 2601 2601 0 0 1091 6 0 0 0 0 6 0 0 1243 0 0 0 1243 1243 6 0 0 1091 1091 0 0 0 1091 1091 6 0 0 1243 0 0 0 1243 1243 6 0 6 6 0 0 0 0 0 0 0 0 0 0 0 0 6 0 0 1243 0 0 0 1243 1243 6 0 0 1091 0 0 0 1091 1091 6 0 0 0 0 0 0 0 0 0 0 0 6 0 0 0 6 0 6 0 0 0 0 0 0 6 0 0 0 6 0 0 60 108 78 30 0 66 0 0 0 0 0 0 0 0 6 0 6 0 0 0 0 0 0 0 0 0 0 0 0 0 0 6 6 6 6 0 0 6 6 6 6 6 6 6 
32:/opt/homebrew/share/lua/5.4/busted/modules/helper_loader.lua
0 0 0 0 0 0 6 12 6 0 6 6 0 6 6 0 0 0 0 0 0 6 0 0 12 0 6 0 6 0 0 6 
34:/opt/homebrew/share/lua/5.4/busted/modules/output_handler_loader.lua
0 0 0 0 0 0 6 0 6 12 6 0 6 0 0 6 0 12 0 6 0 0 0 6 0 0 0 0 6 0 0 0 6 6 
101:/opt/homebrew/share/lua/5.4/busted/modules/test_file_loader.lua
6 0 0 6 6 6 6 0 18 12 12 6 0 0 6 0 6 1 5 5 5 0 10 495 689 198 4 0 491 975 491 7 0 484 484 10 0 10 7 0 0 7 0 10 0 0 0 0 0 6 6 6 0 0 6 12 6 6 6 6 0 0 0 8 8 8 0 0 6 0 0 6 0 14 8 0 8 16 8 8 8 8 0 0 8 0 6 0 6 0 0 0 0 0 0 0 6 6 0 6 6 
181:/opt/homebrew/share/lua/5.4/busted/outputHandlers/base.lua
6 6 0 0 6 6 6 6 6 6 6 6 6 6 6 0 0 0 3273 6 0 0 6 6 0 6 0 0 0 6 6 6 6 6 6 6 6 6 6 12 0 0 1091 1091 0 3692 3692 0 2601 2601 0 0 1091 6 0 0 0 1091 13038 11947 9765 0 1091 1091 1091 0 1091 1091 1091 1091 1091 1091 1091 0 1091 0 1091 6 0 0 6 0 0 0 6 6 0 0 6 6 6 6 0 0 0 0 0 0 0 0 0 0 0 0 0 6 0 0 6 6 6 6 0 0 1091 1091 6 0 0 1091 0 1091 1073 1073 18 0 0 18 0 12 12 6 0 6 0 0 1073 0 1073 1073 1073 0 1073 0 1073 0 0 1073 0 1073 6 0 0 0 0 0 0 6 0 0 12 12 6 0 0 6 6 6 6 0 0 18 0 0 0 0 18 6 0 6 6 
185:/opt/homebrew/share/lua/5.4/busted/outputHandlers/plainTerminal.lua
6 6 6 6 6 6 6 6 6 0 0 6 6 0 6 6 6 6 0 0 0 0 0 0 0 0 0 0 0 0 0 0 0 0 6 0 0 18 18 18 0 0 0 0 0 0 18 6 0 0 18 18 6 0 0 18 0 0 0 0 18 18 18 36 36 0 0 18 0 0 0 18 6 0 0 6 6 6 6 0 6 6 6 6 6 0 6 0 6 0 0 0 6 4 2 0 0 0 6 6 0 0 0 0 6 4 2 0 0 0 6 0 6 6 6 6 6 6 0 0 1091 1091 0 1091 0 1091 12 1079 6 0 0 1091 1091 0 0 1091 6 0 0 6 6 6 0 6 6 0 0 6 6 0 6 0 0 6 0 18 12 12 6 0 12 6 6 6 0 6 6 0 0 0 0 0 0 6 0 6 6 6 6 6 6 6 0 6 6 
227:/opt/homebrew/share/lua/5.4/busted/runner.lua
0 0 0 0 0 0 0 0 0 0 0 0 0 0 0 0 0 0 0 0 0 0 0 0 0 0 0 0 0 0 0 0 0 0 0 0 0 0 0 0 0 0 0 0 0 0 0 0 0 0 0 0 0 0 0 0 0 0 0 0 0 0 0 0 0 6 0 0 0 0 0 0 6 0 0 0 0 6 0 0 0 0 0 6 6 0 0 6 6 0 0 0 6 6 0 6 0 0 0 6 6 6 0 12 0 0 6 0 12 0 0 6 0 12 6 6 6 6 0 12 12 12 0 0 0 12 12 6 0 0 6 6 6 0 0 12 6 6 6 6 6 6 6 0 0 0 6 0 0 6 12 6 6 6 0 6 0 0 0 0 0 0 0 0 0 0 0 0 0 0 0 0 0 6 0 6 0 0 0 0 0 0 0 0 0 12 6 6 6 6 6 6 6 6 6 0 0 6 0 6 6 6 12 6 6 6 6 0 0 0 0 0 0 6 6 12 6 6 6 0 0 6 0 6 2 0 4 
41:/opt/homebrew/share/lua/5.4/busted/status.lua
0 9452 9452 9452 9452 9452 9452 9452 9452 0 9452 0 0 0 8361 8361 13289 8361 8361 8361 0 0 0 8361 0 0 0 8361 0 0 0 1091 1091 1091 0 9452 0 0 16722 8361 10543 
35:/opt/homebrew/share/lua/5.4/busted/utils.lua
0 0 0 12 12 60 48 48 0 0 12 0 0 0 0 0 0 0 0 0 0 0 0 0 0 0 6 6 6 6 6 30 24 6 6 
92:/opt/homebrew/share/lua/5.4/luarocks/core/dir.lua
0 0 0 0 0 0 0 11930 11930 11930 0 0 11930 0 0 0 0 0 0 0 0 0 7158 7158 7158 7158 7158 0 7158 0 0 0 0 0 0 0 0 0 7158 7158 7158 7158 7158 0 0 7158 40562 33404 0 0 0 0 0 0 33404 33404 0 7158 7158 0 7158 0 0 7158 0 7158 0 0 7158 0 7158 0 0 0 0 0 0 0 0 0 0 0 0 0 2386 2386 0 0 7158 4772 2386 2386 
100:/opt/homebrew/share/lua/5.4/luarocks/core/manif.lua
0 0 0 0 0 0 0 0 0 0 0 0 0 0 0 0 0 0 0 0 0 0 0 0 0 0 0 0 0 0 0 0 0 0 0 0 0 0 0 0 0 0 2386 2386 0 0 0 0 0 0 0 0 0 0 0 0 0 0 0 0 0 0 0 0 0 0 0 0 0 0 0 0 0 0 0 0 0 2386 2386 2386 0 0 0 0 0 0 0 1193 2386 2386 2386 2386 0 3579 1193 0 0 0 59 59 
157:/opt/homebrew/share/lua/5.4/luarocks/core/path.lua
0 0 0 0 0 0 0 0 0 0 0 0 0 2386 0 0 0 0 0 2386 0 0 2386 0 0 2386 2386 0 0 0 0 0 0 0 0 0 0 0 0 0 0 0 0 0 0 0 0 0 0 0 0 0 0 0 59 59 1202 1143 1143 1143 0 59 0 59 89 89 89 59 59 0 59 0 59 0 0 59 0 59 0 0 0 0 0 0 0 0 0 0 0 0 0 0 0 0 0 0 0 0 0 0 0 0 0 0 0 0 0 0 0 0 0 0 0 0 0 0 0 0 0 0 0 0 0 4772 0 0 4772 0 0 0 0 0 0 0 0 0 0 0 1193 1193 1193 0 0 1193 1193 0 0 3579 2386 1193 0 2386 2386 0 1193 0 1193 
319:/opt/homebrew/share/lua/5.4/luarocks/loader.lua
0 0 0 0 0 0 0 0 0 0 0 0 0 0 0 0 0 0 0 0 0 0 0 0 0 0 0 0 0 0 0 0 0 0 0 0 0 0 0 0 0 0 0 0 0 0 0 0 0 0 0 0 0 0 0 0 0 0 0 0 0 0 0 0 0 0 0 0 0 0 0 0 0 0 0 0 0 0 0 0 0 0 0 0 0 0 0 0 0 59 0 0 0 0 0 0 59 59 0 0 0 59 59 0 0 0 0 0 0 0 0 0 0 0 0 0 0 0 0 0 0 0 0 0 0 0 0 0 0 0 177 177 118 118 118 59 59 0 0 0 0 0 0 0 0 0 0 0 0 0 0 0 0 0 0 0 0 0 0 0 0 59 59 0 59 59 0 0 0 59 0 59 59 0 0 0 0 0 0 0 0 0 0 0 0 0 0 0 0 0 0 0 0 0 0 0 0 0 1134 1134 0 0 0 1134 1134 3343 2268 2268 59 59 59 0 0 2209 2209 2209 0 0 0 0 0 0 1075 0 1075 0 0 0 0 1075 0 0 0 0 0 0 0 0 0 0 0 0 0 59 0 0 59 0 0 0 0 0 0 0 0 0 0 0 1134 0 0 0 0 0 0 0 0 0 0 0 0 0 0 0 0 0 0 0 0 0 0 0 0 0 0 0 0 0 0 0 0 0 0 0 0 0 0 0 0 0 0 0 0 0 0 0 0 0 0 0 0 0 0 1134 1134 1075 0 59 59 
175:/opt/homebrew/share/lua/5.4/luassert/assert.lua
0 0 0 0 0 0 0 0 0 0 0 12 0 12 0 0 12 12 0 0 12 0 0 0 0 0 1486 0 1486 0 4610 3124 1486 0 1486 4610 3124 1638 0 1486 0 1486 1486 0 1486 12 12 0 0 12 12 0 0 1474 0 0 1474 0 0 0 0 0 0 0 0 0 0 0 0 0 0 0 5194 3124 2070 0 2070 0 0 0 0 1486 0 0 0 0 0 0 0 0 0 0 0 0 0 0 0 0 0 0 0 0 0 0 0 0 0 0 0 0 0 0 0 0 0 0 0 0 0 12 12 36 24 24 24 24 24 0 0 12 0 0 0 0 0 0 0 0 0 0 0 0 0 0 0 0 0 0 0 0 0 0 0 0 0 0 0 0 0 0 0 0 0 0 0 0 633 0 0 0 633 0 0 0 1486 
304:/opt/homebrew/share/lua/5.4/luassert/assertions.lua
0 0 0 0 0 0 0 0 0 0 0 0 0 0 0 0 0 0 1486 6 0 1486 0 0 0 0 0 0 0 0 0 0 0 0 0 0 0 0 0 0 0 0 0 0 0 0 0 0 0 0 0 0 0 0 0 0 0 0 0 0 0 0 0 0 0 0 0 0 0 0 0 0 0 0 0 0 0 0 0 0 0 0 0 0 0 0 0 0 0 0 0 0 0 0 0 0 0 0 0 0 0 0 0 0 0 0 0 0 0 0 0 0 628 628 628 628 0 628 628 628 0 0 0 0 0 0 0 0 0 0 0 0 0 0 0 0 0 0 0 0 0 0 0 0 0 0 0 0 0 0 0 0 0 0 0 0 0 0 0 0 0 0 0 0 0 0 0 0 0 0 0 0 0 0 0 0 0 0 0 0 0 0 0 0 0 0 0 0 0 0 0 0 0 0 0 0 0 0 0 0 0 0 0 0 0 0 0 0 0 0 0 0 0 0 0 0 0 0 0 0 0 0 0 0 0 0 0 0 0 0 0 0 0 0 0 0 0 0 0 0 0 0 0 0 0 0 0 0 0 0 0 0 0 0 0 0 0 0 0 0 0 0 0 0 272 272 272 0 0 0 48 48 48 0 0 0 538 538 538 538 538 0 0 0 0 0 0 0 0 0 0 0 0 0 0 0 0 0 16 10 92 246 0 174 
232:/opt/homebrew/share/lua/5.4/luassert/formatters/init.lua
0 0 0 0 0 0 0 0 0 0 0 0 0 0 0 0 0 0 0 0 0 0 0 0 0 0 0 0 0 0 0 0 0 0 0 0 24 0 0 0 24 0 24 0 24 0 0 0 24 0 24 0 0 0 0 0 24 0 0 0 24 24 0 0 0 0 24 0 0 24 0 0 24 0 0 24 0 0 0 0 0 0 0 0 0 0 0 0 0 0 0 0 0 0 0 0 0 0 0 0 0 0 0 0 0 0 0 0 0 0 0 0 0 0 0 0 0 0 0 0 0 0 0 24 24 0 0 0 0 0 0 0 0 0 0 0 0 0 0 0 0 0 0 0 0 0 0 0 0 0 0 0 0 0 0 0 0 0 0 0 0 0 0 0 0 0 0 0 0 0 0 0 0 0 0 0 0 0 0 0 0 0 0 0 0 0 0 0 0 0 0 0 0 24 0 0 0 24 0 0 24 0 0 24 0 0 24 0 0 24 0 0 24 24 0 0 0 0 0 0 0 0 0 0 0 0 0 0 0 0 24 24 
64:/opt/homebrew/share/lua/5.4/luassert/match.lua
0 0 0 0 0 0 0 0 0 0 0 0 0 0 0 0 0 0 0 0 0 0 0 0 0 0 0 0 0 0 0 0 0 0 0 0 0 0 0 0 0 0 0 0 0 0 0 0 0 0 0 0 0 0 0 0 0 0 0 0 0 0 0 24 
10:/opt/homebrew/share/lua/5.4/luassert/modifiers.lua
0 0 0 0 1442 0 0 0 196 196 
91:/opt/homebrew/share/lua/5.4/luassert/state.lua
0 0 0 0 0 0 0 0 0 0 0 0 0 0 0 0 0 0 0 0 0 0 0 0 0 0 0 0 0 0 0 0 0 0 0 0 0 0 0 0 0 0 0 0 0 0 0 0 0 0 0 0 0 0 0 0 0 0 0 0 0 0 0 0 0 0 0 0 0 0 0 0 0 0 0 0 0 0 0 0 0 0 0 0 0 0 0 24 216 216 216 
359:/opt/homebrew/share/lua/5.4/luassert/util.lua
0 0 0 0 0 0 0 0 0 0 0 0 0 0 0 0 0 0 0 0 0 0 0 0 0 0 0 0 0 0 0 0 0 0 0 0 0 0 0 0 0 0 0 0 0 0 0 0 0 0 0 0 0 0 0 0 0 0 0 0 0 0 0 0 0 0 0 0 0 0 0 0 0 0 0 0 0 0 0 0 0 0 0 0 0 0 0 0 0 0 0 0 0 0 0 0 0 0 0 0 0 0 0 0 0 0 0 0 0 0 0 0 0 0 0 0 0 0 0 0 0 0 0 0 0 0 0 0 0 0 0 0 0 0 0 0 0 0 0 0 0 0 0 0 0 0 0 0 0 0 0 0 0 0 0 0 0 0 0 0 0 0 0 0 0 0 0 0 0 0 0 0 0 0 0 0 0 0 0 0 0 0 0 0 0 0 0 0 0 0 0 0 0 0 0 0 0 0 0 0 0 0 0 0 0 0 0 0 0 0 0 0 0 1486 1486 1486 1486 1486 1486 0 0 0 0 1486 1486 0 1486 0 0 0 0 0 2120 634 0 0 1486 1486 0 0 0 0 0 0 0 0 0 628 628 0 628 0 0 0 0 0 628 0 1256 628 0 0 628 628 628 0 0 0 0 0 0 0 0 0 0 0 0 0 0 0 0 0 0 0 12 0 0 0 0 0 0 0 0 1498 1498 1498 1498 2996 1498 1498 1498 0 1498 1498 0 0 0 0 0 0 0 0 1486 0 0 1486 1486 1486 4610 3124 3124 0 0 3124 3124 0 0 0 0 0 0 3124 3124 3124 0 3124 0 0 0 1486 0 0 0 1486 0 0 0 0 0 0 1486 1486 1486 0 0 0 0 0 24 
154:/opt/homebrew/share/lua/5.4/mediator.lua
0 204 0 0 0 204 204 204 204 0 0 0 0 0 204 0 204 204 0 0 0 0 0 150 150 150 150 150 150 0 0 204 204 0 204 0 204 138 138 0 108 0 0 204 0 204 150 0 0 0 0 0 0 0 0 0 0 0 0 150 0 0 0 0 0 0 0 0 150 0 0 150 150 150 0 0 0 150 0 0 8062 150 0 0 0 0 0 0 0 0 0 0 0 150 0 0 18177 10569 0 0 10569 0 10569 0 10569 10569 0 0 0 7608 5070 0 2538 0 150 150 0 0 0 0 0 0 0 0 0 0 0 0 0 0 0 4049 0 12111 8062 0 0 4049 0 0 0 204 0 0 0 0 0 0 0 0 0 0 0 3845 
565:/opt/homebrew/share/lua/5.4/pl/List.lua
0 0 0 0 0 0 0 0 0 0 0 0 0 0 0 0 0 0 0 0 5 5 5 5 5 5 5 0 5 5 0 0 5 5 0 5 0 5 0 0 0 0 0 0 0 0 5 0 0 0 5 0 5 0 5 0 5 0 0 0 0 0 0 5 0 0 0 0 0 0 0 0 0 0 0 0 5 0 0 0 0 5 0 0 0 5 0 0 0 0 5 0 0 5 0 5 0 0 0 0 0 5 0 0 0 5 0 0 0 0 0 0 5 0 0 0 5 0 0 0 0 5 0 5 0 0 0 0 0 5 0 0 0 5 0 0 0 0 0 0 0 5 0 0 0 0 5 0 0 0 0 0 0 5 0 0 0 5 0 5 0 0 0 0 0 0 0 0 5 5 0 0 0 0 5 0 5 0 0 0 0 5 0 0 0 0 0 5 0 0 0 0 5 0 0 0 5 0 0 0 0 5 0 5 0 0 0 5 0 0 0 0 0 0 0 5 0 0 0 0 5 0 0 0 0 0 0 0 5 0 0 0 0 0 0 0 0 5 0 5 0 0 0 5 0 0 5 0 5 0 0 0 0 0 0 0 0 0 0 0 5 0 0 0 0 0 0 0 0 0 0 0 0 0 0 0 5 0 0 5 0 5 0 0 0 0 0 0 0 0 5 0 5 0 0 0 0 0 0 0 5 0 0 0 0 0 0 0 0 5 0 0 0 0 0 0 5 0 0 0 0 0 0 5 0 0 0 0 0 5 0 0 0 0 5 0 0 0 0 0 5 0 0 0 0 0 5 0 0 0 0 0 5 0 0 0 5 0 0 0 0 0 0 5 0 0 0 0 0 0 0 5 0 0 0 0 5 0 5 0 0 0 0 5 0 0 0 0 5 0 0 0 0 0 5 0 0 0 0 5 0 0 0 0 0 5 0 0 0 0 0 5 0 5 0 0 0 0 0 0 5 0 0 5 0 0 0 0 0 0 0 0 5 0 5 0 0 0 0 0 0 5 0 0 5 0 0 0 0 0 0 0 0 5 0 5 0 0 0 0 0 0 0 5 0 0 0 0 0 0 0 5 0 0 0 0 0 5 0 5 0 0 0 0 0 0 0 0 0 0 0 5 0 5 0 0 0 0 0 5 0 5 0 0 0 0 0 0 0 0 5 0 0 0 0 0 0 0 0 0 0 5 0 0 5 0 5 0 0 0 0 0 0 0 5 0 0 0 0 0 0 0 0 0 0 0 0 0 0 0 0 0 0 0 0 0 0 0 0 0 0 5 5 0 5 
218:/opt/homebrew/share/lua/5.4/pl/class.lua
0 0 0 0 0 0 0 0 0 0 0 0 0 0 0 0 0 0 0 0 0 0 0 0 0 0 0 0 0 0 0 0 0 0 0 0 0 0 0 0 0 0 0 0 0 0 0 0 0 0 0 0 0 0 0 0 0 0 0 0 0 0 0 0 0 0 0 0 0 0 0 0 0 0 0 0 0 0 0 0 0 0 0 0 0 0 0 0 0 0 0 0 0 0 0 0 0 0 0 0 0 0 0 0 0 0 0 0 0 0 0 0 0 0 0 0 0 0 0 0 0 0 0 0 0 0 0 0 0 0 5 0 5 5 0 0 0 5 0 0 5 0 0 0 0 0 0 5 0 0 0 5 5 5 5 5 0 0 5 0 0 0 0 0 0 0 0 0 0 0 0 0 0 0 0 0 0 0 0 0 0 0 5 0 0 0 0 0 0 0 0 5 5 5 5 5 0 5 5 0 0 5 0 0 0 0 0 0 0 0 0 0 0 0 0 0 0 5 
527:/opt/homebrew/share/lua/5.4/pl/dir.lua
0 0 0 0 0 0 0 6 6 6 6 6 6 6 6 6 6 6 0 6 6 0 6 0 0 5 6 0 0 5 11 0 0 495 495 6 0 0 0 0 0 0 0 0 0 0 6 0 0 0 6 0 0 0 0 0 0 6 0 0 0 0 0 0 0 0 6 0 0 0 0 0 0 0 0 0 0 0 0 0 0 6 0 0 0 0 0 0 6 0 0 0 0 0 0 0 0 0 0 0 6 0 0 0 0 0 6 0 0 0 6 0 6 0 0 0 0 0 0 0 0 0 0 0 0 0 0 6 0 0 0 0 0 0 0 0 0 0 0 0 0 0 0 0 0 0 0 0 0 0 0 0 0 0 0 0 0 0 0 0 0 0 0 0 0 0 0 0 0 0 0 0 0 0 0 0 0 0 0 0 0 0 0 0 0 6 0 0 0 6 0 0 0 0 0 0 0 0 0 0 0 0 0 0 0 0 0 0 0 0 0 0 0 0 0 0 0 0 0 0 0 0 0 0 0 0 0 0 0 0 0 6 0 0 0 0 0 0 0 6 0 0 0 0 6 0 0 0 0 0 0 6 0 0 0 6 0 0 0 0 0 0 0 0 0 0 0 0 0 0 0 0 6 0 0 0 0 0 0 0 0 0 0 0 0 0 0 0 6 0 0 0 0 0 0 0 0 0 0 0 0 0 0 0 0 0 0 0 0 0 0 0 0 0 0 0 0 0 6 0 0 0 0 0 0 0 6 0 0 0 0 0 0 0 0 0 0 0 0 0 0 0 0 0 0 0 0 0 0 0 0 6 0 0 0 6 6 0 0 6 0 0 6 6 0 0 0 0 0 0 0 0 0 0 0 0 0 0 6 0 0 0 0 0 0 6 0 0 0 0 0 12 0 0 0 0 0 0 0 0 0 0 0 0 0 0 6 0 0 0 0 0 0 0 0 0 0 0 0 0 0 0 0 0 0 0 0 0 0 0 0 0 0 0 0 0 0 0 0 0 0 0 0 0 0 0 0 0 6 0 0 0 0 0 0 0 1895 1895 5 0 0 1890 1890 1890 350 350 0 0 1540 840 840 840 840 345 0 840 0 0 0 700 6 0 0 0 0 0 0 6 5 0 5 5 5 0 0 5 0 5 6 0 0 0 0 0 0 0 0 6 5 5 5 0 5 5 845 840 495 495 495 0 0 5 0 5 6 0 6 
451:/opt/homebrew/share/lua/5.4/pl/path.lua
0 0 0 0 0 0 0 0 0 0 0 0 0 0 0 0 0 0 0 0 0 0 0 0 0 0 0 0 0 0 0 0 0 0 0 0 0 0 0 0 0 0 0 0 0 0 0 0 0 0 0 0 0 0 0 0 0 0 0 0 0 0 0 0 0 0 0 0 0 0 0 0 0 0 0 0 0 0 0 0 0 0 0 0 0 0 0 0 0 0 0 0 0 0 0 0 0 0 0 0 0 0 0 0 0 0 0 0 0 0 0 0 0 0 0 0 0 0 0 0 0 0 850 850 0 0 0 0 0 6 6 0 0 0 0 0 0 0 0 0 0 0 0 0 0 0 0 0 0 0 0 0 0 0 0 840 840 0 0 0 0 0 0 0 0 0 0 0 0 0 0 0 0 0 0 0 0 0 0 0 0 0 53428 0 0 0 0 0 0 0 0 0 0 0 0 0 0 0 0 0 0 0 0 0 0 0 0 0 0 0 0 0 0 0 0 0 0 0 0 0 0 0 0 0 0 0 0 0 0 0 0 3141 3141 3141 53390 50249 50249 0 3141 0 0 3141 0 0 0 0 0 0 0 0 0 0 0 0 0 0 0 0 0 0 0 0 0 0 0 0 0 0 0 0 0 0 0 0 0 0 0 8 8 8 32 24 0 0 24 24 0 8 0 0 8 0 0 0 0 0 0 0 0 0 0 0 2646 2646 2646 0 0 0 0 0 0 0 0 0 0 495 495 495 0 0 0 0 0 0 0 0 0 0 8 8 8 0 0 0 0 0 0 0 0 0 0 0 0 0 0 0 0 0 0 0 0 0 0 0 0 0 0 0 0 0 0 0 0 0 0 0 0 0 0 0 0 0 0 0 0 0 0 0 0 0 0 0 0 0 0 0 0 0 0 0 0 0 990 990 0 0 990 0 0 0 0 0 0 0 0 0 6 0 6 6 0 0 0 0 0 0 0 0 0 0 0 0 0 0 0 0 0 0 6 0 0 6 0 0 0 0 6 18 12 0 0 0 0 0 12 12 0 6 6 6 6 
887:/opt/homebrew/share/lua/5.4/pl/tablex.lua
0 0 0 0 0 0 0 0 0 0 0 0 0 0 0 0 0 0 0 0 0 10 10 0 0 0 0 0 0 0 0 0 0 0 0 0 0 0 10 0 0 10 0 0 14 0 0 14 0 0 0 0 0 0 0 0 0 0 0 0 0 0 0 0 0 0 0 0 0 0 0 0 0 0 0 0 0 0 0 0 0 0 0 0 0 0 0 0 0 14 14 781 767 14 14 0 0 0 0 0 0 0 0 0 0 0 0 0 0 0 0 0 0 0 0 0 0 0 0 0 0 0 0 0 0 0 0 0 0 0 0 0 0 0 0 0 0 0 0 0 0 0 0 0 0 0 0 0 0 0 0 0 0 0 0 0 0 0 0 0 0 0 0 0 0 0 0 0 0 0 0 0 0 0 0 0 0 0 0 0 0 0 0 0 0 0 0 0 0 0 0 0 0 0 0 0 0 0 0 0 0 0 0 0 0 0 0 0 0 0 0 0 0 0 0 0 0 0 0 0 0 0 0 0 0 0 0 0 0 0 0 0 0 0 0 0 0 0 0 0 0 0 0 0 0 0 0 0 0 0 0 0 0 0 0 0 0 0 0 0 0 0 0 0 0 0 0 0 0 0 0 0 0 0 0 0 0 0 0 0 0 0 0 0 0 0 0 0 0 0 0 0 0 0 0 0 0 0 0 0 0 0 0 0 0 0 0 0 0 0 0 0 0 0 0 0 0 0 0 0 0 0 0 0 0 0 0 0 0 0 0 0 0 0 0 0 0 0 0 0 0 0 0 0 0 0 0 0 0 0 0 0 0 0 0 0 0 0 0 0 0 0 0 0 0 0 0 0 0 0 0 0 0 0 0 0 0 0 0 0 0 0 0 0 0 0 0 0 0 0 0 0 0 0 0 0 0 0 0 0 0 0 0 0 0 0 0 0 0 0 0 0 0 0 0 0 0 0 0 0 0 0 0 0 0 0 0 0 0 0 0 0 0 0 0 0 0 0 0 0 0 0 0 0 0 0 0 0 0 0 0 0 0 0 0 0 0 0 0 0 0 0 0 0 0 0 0 0 0 0 0 0 0 0 0 0 0 0 0 0 0 0 0 0 0 0 0 0 0 0 0 0 0 0 0 0 0 0 0 0 0 0 0 0 0 0 0 0 0 0 0 0 0 0 0 0 0 0 0 0 0 0 0 0 0 0 0 0 0 0 0 0 0 0 0 0 0 0 0 0 0 0 0 0 0 0 0 0 0 0 0 0 0 0 0 0 0 0 0 0 0 0 0 0 0 0 0 0 0 0 0 0 0 0 0 0 0 0 0 0 0 0 0 0 0 0 0 0 0 0 0 0 0 0 0 0 0 0 0 0 0 0 0 0 0 0 0 0 0 0 0 0 0 0 0 0 0 0 0 0 0 0 0 0 0 0 0 0 0 0 0 0 0 0 0 0 0 0 0 0 0 0 0 0 0 0 0 0 0 0 0 0 0 0 0 0 0 0 0 0 0 0 0 0 0 0 0 0 0 0 0 0 0 0 0 0 0 0 0 0 0 0 0 0 0 0 0 0 0 0 0 0 0 0 0 0 0 0 0 0 0 0 0 0 0 0 0 0 0 0 0 0 0 0 0 0 0 0 0 0 0 0 10 10 10 512 502 502 14 14 0 0 10 0 0 0 0 0 0 0 0 0 0 0 0 0 0 0 0 0 0 0 0 0 0 0 0 0 0 0 0 0 0 0 0 0 0 0 0 0 0 0 0 0 0 0 0 0 0 0 0 0 0 0 0 0 0 0 0 0 0 0 0 0 0 0 0 0 0 0 0 0 0 0 0 0 0 0 0 0 0 0 0 0 0 0 0 0 0 0 0 0 0 0 0 0 0 0 0 0 0 0 0 0 0 0 0 0 0 0 0 0 0 0 0 0 0 0 0 0 0 0 0 0 0 0 0 0 0 0 0 0 0 0 0 0 0 0 0 0 6 6 6 6 0 0 0 6 6 0 0 6 14 8 0 0 6 
127:/opt/homebrew/share/lua/5.4/pl/types.lua
0 0 0 0 0 0 0 0 0 0 0 0 0 0 0 0 0 0 0 0 0 0 0 0 0 0 0 0 0 0 0 0 0 0 0 0 0 0 0 0 0 0 0 0 0 0 0 0 0 0 0 0 0 0 0 0 0 0 0 0 0 0 0 0 0 0 0 0 0 0 0 0 0 0 0 0 0 0 0 0 0 0 0 0 0 0 0 0 0 0 0 0 0 0 0 0 24 0 0 0 0 0 0 0 0 0 0 0 0 0 10 10 0 0 0 0 0 0 0 0 0 0 0 0 0 14 14 
697:/opt/homebrew/share/lua/5.4/pl/utils.lua
0 0 0 0 0 0 0 0 0 0 0 0 0 0 0 0 0 0 0 0 0 0 0 0 0 0 0 0 0 0 0 0 0 0 0 0 0 0 0 0 0 0 0 0 0 0 0 0 0 0 0 0 0 0 0 0 0 0 0 0 0 0 0 0 0 0 0 0 0 0 0 0 0 0 0 0 0 0 0 0 0 0 0 0 0 0 0 0 0 0 0 0 0 0 0 0 0 0 0 0 0 0 0 0 0 0 0 0 0 0 0 0 0 0 0 0 0 0 0 0 0 0 0 0 0 0 0 0 0 0 0 0 0 0 0 0 0 0 0 0 0 0 0 0 0 0 0 0 0 0 0 0 0 0 0 0 0 0 0 0 0 0 0 0 0 0 0 0 0 0 0 0 0 0 0 0 0 0 0 0 0 0 0 0 0 0 0 0 0 0 0 0 0 0 0 0 0 0 0 0 0 0 0 0 0 0 0 0 0 0 0 0 0 0 0 0 0 0 0 0 0 0 0 0 0 0 0 0 0 0 0 0 0 0 0 0 0 0 0 0 0 0 0 0 0 0 0 0 0 0 0 0 0 0 0 0 0 0 0 0 0 0 0 0 0 0 0 0 0 0 0 0 0 0 0 0 0 0 0 0 0 0 0 0 0 0 0 0 0 0 9506 0 0 9506 0 0 9506 0 0 0 0 0 0 0 0 0 0 0 0 0 0 0 0 0 0 0 0 0 0 0 0 0 0 0 0 0 0 0 0 0 0 0 0 0 0 0 0 0 0 0 0 0 0 0 0 0 0 0 0 0 0 0 0 0 0 0 0 0 0 0 0 0 0 0 0 0 0 0 0 0 0 0 0 0 0 0 0 0 0 0 0 0 0 0 0 0 0 0 0 0 0 0 0 0 0 0 0 0 0 0 0 0 0 0 0 0 0 0 0 0 0 0 0 0 0 0 0 0 0 0 0 0 0 0 0 0 0 0 0 0 0 0 0 0 0 10 10 10 0 0 0 0 0 0 0 0 0 0 0 0 0 0 0 0 0 0 0 0 0 0 0 0 0 0 0 0 0 0 0 0 0 0 0 0 0 9485 0 0 0 0 0 0 0 0 0 0 0 0 0 0 0 0 0 0 0 0 0 0 0 0 0 0 0 0 0 0 0 0 0 0 0 0 0 0 0 0 0 0 0 0 0 0 0 0 0 0 0 0 0 0 0 0 0 0 0 0 0 0 0 0 0 0 0 0 0 0 0 0 0 0 0 0 0 0 0 0 0 0 0 0 0 0 0 0 0 0 0 0 0 0 0 0 0 0 0 0 0 0 0 0 0 0 0 0 0 0 0 0 0 0 0 0 0 0 0 0 0 0 0 0 0 0 0 0 0 0 0 0 0 0 0 0 0 0 0 0 0 0 0 0 0 0 0 0 0 0 0 0 0 0 0 0 0 0 0 0 0 0 0 0 0 0 0 0 0 0 0 0 0 0 0 0 0 0 0 0 0 0 0 0 0 0 0 0 0 0 0 0 0 0 0 0 0 0 0 0 0 0 0 0 0 0 0 0 0 0 0 0 0 0 0 0 0 0 0 495 495 
52:/opt/homebrew/share/lua/5.4/say/init.lua
0 0 0 0 0 0 0 0 0 0 0 0 0 6 6 0 0 6 0 0 0 0 0 0 0 0 0 114 114 0 0 0 0 708 0 0 708 708 0 708 0 708 0 0 708 708 0 2616 1908 0 0 708 
323:lua/go-unfucked/error-dim.lua
360 0 360 0 360 360 360 360 360 360 360 0 360 360 0 0 270 270 30 0 240 360 0 0 0 372 372 186 0 186 186 0 186 186 186 186 0 372 186 186 186 186 0 360 0 0 114 6 0 0 108 0 108 0 108 102 102 204 102 102 102 102 102 102 0 6 6 6 0 0 108 108 360 0 0 150 150 510 0 0 0 0 0 0 0 0 0 0 0 0 0 0 0 0 0 0 0 0 0 0 0 0 0 0 0 0 0 0 0 0 0 0 0 0 0 0 0 360 0 0 0 0 360 0 0 0 0 0 0 0 0 0 0 0 0 0 0 0 0 0 0 0 0 0 0 0 0 0 0 0 0 0 360 0 360 36 0 36 0 36 12 0 24 6 0 0 18 12 0 0 6 6 6 0 0 0 0 0 0 0 0 0 0 0 0 0 0 0 0 0 0 0 0 0 0 0 0 0 0 0 0 0 0 0 0 0 0 0 0 0 0 0 0 0 0 0 360 0 360 0 0 0 0 0 0 0 0 0 0 0 0 0 0 0 0 0 0 0 360 0 360 120 0 120 0 120 0 120 0 240 120 0 6 12 6 6 0 6 126 0 0 240 120 120 0 0 120 0 0 240 120 120 0 0 120 0 0 240 120 120 0 0 120 0 0 240 0 0 0 120 0 240 0 0 0 0 0 0 0 120 480 0 360 360 360 0 114 360 0 144 504 0 24 360 0 24 360 0 108 468 360 0 360 
186:lua/go-unfucked/import-hints.lua
156 0 156 156 0 0 30 30 30 30 0 0 0 0 0 0 0 0 0 0 0 0 0 0 0 0 0 0 0 0 0 0 0 0 0 0 0 0 0 0 0 0 0 0 0 0 0 0 0 0 0 0 0 0 156 0 0 6 6 0 6 6 6 0 0 0 0 0 0 0 0 0 0 0 0 0 0 0 0 0 0 0 0 0 0 0 0 0 0 0 0 0 0 0 0 0 0 156 0 156 42 0 42 0 42 6 0 36 12 0 0 24 0 24 0 0 0 0 0 0 0 0 0 0 0 0 0 0 0 0 0 0 0 24 180 0 156 102 102 0 102 0 204 102 102 0 0 0 0 102 0 0 204 102 102 0 0 0 0 102 0 0 204 0 102 0 204 0 0 0 0 0 0 0 102 258 0 156 156 156 0 6 156 156 0 156 
12:lua/go-unfucked/init.lua
6 0 6 12 0 12 12 12 12 18 0 6 
111:lua/go-unfucked/receiver-highlight.lua
194 0 194 194 0 0 256 128 128 128 0 322 0 194 0 0 0 0 0 0 0 0 0 0 194 0 194 36 36 0 36 12 0 0 24 24 24 0 0 0 0 0 0 0 0 0 0 0 0 0 0 0 0 0 0 0 0 0 0 0 0 0 0 0 0 0 0 0 0 0 0 194 0 194 96 96 0 96 0 96 0 192 96 96 0 0 192 96 96 0 0 0 0 96 0 290 0 194 194 0 18 194 0 20 214 0 12 194 194 0 194 
179:lua/go-unfucked/shortnames.lua
341 0 341 0 341 341 341 341 0 0 61 61 61 61 61 61 0 103 97 55 0 6 0 6 341 0 0 38 118 98 18 0 80 0 20 341 0 0 64 64 0 146 82 82 86 43 43 43 43 43 43 0 0 64 0 64 341 0 341 24 0 24 0 0 0 24 12 0 0 12 12 4 0 0 8 8 0 8 8 0 0 0 0 0 0 0 0 0 0 0 0 0 0 0 0 0 0 0 0 0 0 0 0 0 0 0 0 0 0 0 0 0 0 341 0 341 24 24 365 0 341 78 78 0 78 18 0 0 60 60 0 0 0 0 0 0 0 60 0 60 0 120 60 60 0 0 60 0 0 120 0 60 0 120 0 60 0 120 0 0 0 0 0 0 0 0 60 401 0 341 341 341 341 0 6 341 341 0 341 
350:tests/deps/nvim-test-core/lua/nvim-test-core/init.lua
0 0 0 0 6 6 0 0 0 6 0 0 6 0 0 6 1398 0 580 1966 0 48 1446 0 264 1662 0 48 1446 0 84 1482 0 0 1398 0 174 1572 0 0 1398 0 0 1398 0 0 0 1398 0 0 194 1592 0 0 0 1398 0 6 12 6 6 0 1404 1398 6 0 6 0 0 0 0 0 0 0 0 0 0 0 0 0 0 0 0 0 0 0 0 0 0 0 6 0 6 0 0 0 0 0 0 0 0 0 0 0 0 0 0 0 0 0 0 0 0 0 0 0 6 0 0 6 0 0 0 0 0 0 0 0 0 0 0 0 0 0 0 0 0 0 0 0 0 0 0 0 0 0 0 0 0 0 0 0 0 0 0 0 0 0 0 0 0 0 0 0 0 0 0 0 0 0 0 0 0 0 0 0 0 0 6 0 0 6 0 0 0 0 0 0 0 0 0 0 0 0 0 0 0 0 0 0 0 0 0 0 0 0 0 0 0 0 0 0 0 0 0 0 0 0 0 0 0 0 0 0 0 0 0 0 0 0 0 0 0 0 0 0 0 0 0 0 0 0 0 0 0 0 0 0 0 0 0 0 0 0 0 0 0 0 0 0 0 0 0 0 0 0 0 0 0 0 0 0 0 0 0 0 0 0 0 0 0 0 0 0 0 0 0 0 0 0 0 0 0 0 0 0 0 0 0 0 0 0 0 0 0 0 0 0 0 0 0 0 0 0 0 0 0 0 0 0 0 0 0 0 0 0 0 0 0 0 0 0 0 0 0 0 0 0 0 0 0 0 0 6 0 0 6 6 6 6 
1302:tests/deps/nvim-test-core/lua/nvim-test-core/vim_mock.lua
0 0 0 0 6 6 0 0 0 0 0 0 0 0 0 0 0 0 0 0 0 0 0 0 0 0 0 0 0 0 0 0 0 0 0 0 0 0 0 0 0 0 0 0 0 0 0 0 0 6 6 0 0 0 6 0 0 6 6 0 0 6 6 6 6 6 6 6 6 6 6 6 6 6 6 6 6 6 6 6 6 6 6 6 6 6 6 0 6 0 1065 2 0 1063 1063 1063 1063 6 0 0 4 4 4 4 4 4 4 4 4 6 0 0 116 2 0 116 0 0 122 0 0 2 4 2 2 2 2 2 0 2 6 0 0 380 386 0 0 384 384 384 0 0 384 384 242 0 142 110 0 32 6 0 0 626 626 626 626 632 0 0 384 30 30 0 30 0 354 354 354 354 354 354 354 354 354 6 0 0 940 940 940 0 940 0 0 0 0 0 0 940 940 940 940 940 0 940 6 0 0 0 0 0 6 0 0 2 6 0 0 54 6 0 0 4 6 0 0 2 2 0 8 0 0 2 0 0 0 2 2 0 2 0 0 0 2 6 0 0 0 0 0 0 0 6 0 0 0 6 0 0 0 0 0 0 0 0 6 0 0 0 6 0 0 0 0 0 0 6 0 0 0 0 0 0 0 0 0 0 0 0 0 0 0 0 0 0 6 0 0 0 0 0 0 0 0 0 0 0 0 6 0 0 0 0 0 0 6 0 0 0 0 0 0 0 0 0 6 0 0 0 6 0 0 0 0 6 0 0 0 10 20 10 10 10 6 0 0 0 0 0 0 0 6 0 0 0 0 0 0 0 0 0 0 0 0 0 0 0 0 0 0 0 6 0 0 0 0 0 0 0 0 0 6 0 0 2 6 0 0 0 0 0 6 0 0 0 0 0 0 0 0 0 0 0 0 0 0 0 6 0 0 0 0 0 0 0 0 0 0 0 0 0 0 0 0 0 0 0 0 0 0 0 6 0 0 2 2 0 0 6 0 0 0 6 0 0 0 0 0 0 0 0 0 0 0 0 0 0 0 0 0 0 0 0 0 0 0 0 0 0 0 0 0 0 0 0 6 0 0 0 0 0 0 0 6 0 0 0 0 0 0 0 6 0 0 0 0 0 6 0 0 0 6 0 0 0 6 0 0 0 0 0 6 0 0 0 6 0 0 0 6 0 0 0 6 0 0 0 6 0 0 2 2 0 0 2 6 6 0 6 0 0 6 0 0 38 6 0 0 0 124 30 0 0 94 94 0 0 0 94 6 0 0 79 6 0 0 0 0 0 0 0 0 0 6 0 0 0 0 0 0 0 0 0 0 0 0 0 0 0 0 6 0 0 0 0 0 0 0 0 6 0 0 0 6 0 0 0 6 0 0 0 0 0 0 0 0 6 0 0 0 6 0 0 0 6 0 0 2 6 0 0 100 0 100 100 0 0 0 0 0 0 0 0 6 0 0 0 0 0 0 6 0 0 0 0 0 0 0 0 0 0 0 0 6 0 0 0 0 6 0 0 0 0 0 0 6 0 0 0 6 6 0 0 0 0 0 0 0 0 0 0 0 0 0 0 0 0 0 0 0 0 0 0 0 0 0 0 0 0 0 0 0 0 0 0 0 0 0 0 0 0 0 0 0 0 0 0 0 0 0 0 0 0 0 0 0 0 0 0 0 0 0 0 0 0 0 0 0 0 0 0 0 0 0 0 0 0 0 0 0 0 0 0 0 0 0 0 0 0 0 0 0 0 0 0 0 0 0 0 0 0 0 0 0 0 0 0 0 0 0 0 0 0 0 0 0 0 0 0 0 0 0 0 0 0 0 0 0 0 0 0 0 6 0 6 0 0 0 0 0 0 0 0 0 0 0 0 0 0 0 0 0 0 0 0 0 0 0 0 0 0 0 0 0 0 0 0 6 0 0 0 0 0 0 6 6 0 0 0 0 0 0 0 0 0 0 0 0 0 0 0 0 0 6 0 6 0 0 0 0 0 6 6 0 0 0 0 0 0 0 0 6 0 0 0 0 0 0 0 0 0 0 0 0 0 0 0 6 0 12 0 0 6 0 0 6 6 0 12 0 0 0 0 0 0 0 0 0 6 0 0 0 0 0 6 6 0 0 0 0 0 0 0 0 0 0 0 0 0 0 0 0 6 0 0 198 198 0 594 1152 756 0 0 756 0 396 198 0 198 6 0 0 0 0 0 0 0 0 0 0 0 0 0 0 0 0 0 0 0 0 0 0 0 0 0 0 0 0 0 0 0 0 0 0 0 0 0 0 0 0 0 0 6 0 0 0 0 6 0 0 0 0 0 0 0 0 0 0 0 0 0 0 0 0 0 0 0 0 0 0 0 0 0 0 0 6 0 0 0 0 0 0 0 0 0 0 0 0 6 0 0 6 0 0 6 6 0 0 0 6 0 0 0 0 0 6 0 0 0 0 0 0 0 0 0 0 6 0 6 6 6 6 6 6 6 6 0 0 0 6 6 6 6 6 6 0 6 6 6 6 6 6 6 0 24 24 30 0 0 0 0 0 0 0 0 0 0 0 0 0 0 0 0 0 6 0 0 0 0 0 0 0 0 6 6 0 0 0 0 1175 2364 1189 1175 1175 6 0 0 0 0 6 0 1175 1175 1175 1175 1175 1175 1181 0 6 0 0 1041 1041 1041 1041 1041 1047 0 0 1093 1093 1093 1093 1093 1093 1093 1093 1093 1093 1093 1093 1093 1093 1093 1093 1093 1093 1093 1093 1093 1093 1093 1093 1093 1099 0 0 80 86 0 0 30 36 0 0 10 34 24 10 0 10 24 14 10 0 14 0 10 16 6 0 6 6 0 6 6 6 6 6 0 0 12 0 0 6 0 0 6 6 0 0 12 0 260 0 130 112 0 18 130 0 0 0 0 0 130 0 6 6 0 0 12 0 4 0 0 0 0 0 2 0 0 0 0 0 2 0 6 6 0 0 6 0 68 6 6 0 0 0 0 0 0 6 6 0 0 6 6 0 6 
264:tests/deps/nvim-test-core/tests/vim_mock_spec.lua
2 0 2 0 4 4 70 72 0 4 4 2 2 4 0 4 2 2 4 0 4 2 2 2 4 0 4 2 2 2 4 0 4 2 2 2 4 0 4 2 2 2 2 4 4 0 4 4 2 2 2 4 0 4 2 2 2 4 0 4 2 2 2 2 2 4 0 4 2 2 2 2 2 2 4 4 0 4 4 2 2 2 2 2 4 0 4 2 2 2 4 4 0 4 4 2 2 2 2 4 0 4 2 2 2 2 4 4 0 4 4 2 4 0 4 2 2 2 2 4 0 4 2 2 4 0 4 2 2 2 4 0 4 2 2 2 4 4 0 4 4 2 2 4 0 4 2 4 2 2 2 0 2 4 0 4 2 4 2 2 0 2 2 2 2 2 4 4 0 4 4 2 4 4 0 4 4 2 2 4 0 4 2 2 2 4 4 0 4 4 2 2 4 0 4 2 2 4 0 4 2 2 4 4 0 4 4 2 2 2 4 4 0 4 4 2 2 2 0 2 0 2 2 4 4 0 4 4 4 28 2 2 2 4 0 4 4 2 2 2 4 0 4 4 2 2 2 4 0 4 4 2 2 2 4 0 4 4 2 2 2 4 4 6 
1493:tests/go-unfucked_spec.lua
12 12 1021 1021 1021 1021 1021 1021 1021 1027 0 12 6 0 12 144 150 0 12 6 12 0 12 6 12 0 12 6 12 0 12 6 6 0 6 6 12 0 12 6 6 12 0 12 6 6 6 12 0 12 6 6 6 12 0 12 12 6 12 6 12 0 12 6 6 6 6 6 6 12 0 12 6 6 6 6 6 6 6 12 0 12 6 6 12 0 12 6 6 6 6 12 0 12 6 6 6 12 0 12 6 6 6 12 0 12 6 6 6 12 0 12 6 6 6 18 12 36 24 12 0 6 6 12 0 12 6 6 6 18 12 36 24 12 0 6 6 12 0 12 6 6 6 18 12 36 24 12 0 6 6 12 0 12 6 6 6 18 12 36 24 12 0 6 6 12 0 12 6 6 6 6 6 6 6 0 6 6 12 0 12 6 6 18 12 6 6 6 18 12 6 6 12 0 12 12 6 12 6 12 0 12 6 6 12 0 12 6 6 6 12 12 0 12 6 0 12 182 188 0 12 6 12 0 12 6 12 0 12 6 12 0 12 6 6 12 0 12 6 6 12 0 12 6 6 12 0 12 6 6 12 0 12 6 6 12 0 12 12 6 12 6 12 0 12 6 6 6 6 6 12 0 12 6 6 6 6 6 6 6 6 0 6 6 12 0 12 6 6 6 6 6 6 6 0 6 6 6 12 0 12 6 6 6 6 6 18 12 36 30 30 6 0 6 6 6 12 0 12 6 6 6 6 6 12 0 12 6 6 6 12 0 12 6 6 12 0 12 6 12 0 12 6 6 6 6 12 0 12 6 6 6 12 0 12 6 6 12 0 12 6 6 12 0 12 6 6 6 16 12 30 27 6 1 6 6 12 0 12 6 6 6 18 12 36 30 6 0 6 6 12 0 12 6 6 6 18 12 36 30 6 0 6 6 12 0 12 6 6 6 13 12 11 10 1 5 6 11 2 10 7 6 16 11 7 7 6 16 10 6 6 12 0 12 11 6 13 7 11 1 11 8 7 11 1 12 5 12 2 11 7 6 7 10 12 1 11 7 0 12 291 297 0 12 6 11 1 12 7 10 2 11 5 12 58 69 5 7 6 7 5 12 1 12 10 7 6 2 5 7 6 11 1 11 6 7 5 12 2 11 6 5 11 1 11 7 5 12 1 11 6 7 10 2 11 6 7 5 12 1 11 7 5 7 6 6 12 0 12 11 6 6 7 0 7 6 6 6 11 1 12 5 12 7 11 6 11 0 11 6 6 6 7 5 7 11 2 11 7 6 7 5 12 1 11 6 6 6 6 7 5 7 6 1 6 6 12 0 12 6 6 6 6 6 6 6 1 5 6 11 2 10 7 6 6 6 21 21 6 6 0 6 6 12 0 12 6 6 6 6 9 9 6 6 10 1 11 12 5 7 11 1 11 6 6 11 1 11 7 5 12 2 11 6 7 10 2 11 6 7 10 2 11 6 7 10 2 11 6 7 10 2 11 6 7 10 2 11 6 7 10 2 11 6 7 10 2 11 6 7 10 2 11 6 7 10 2 11 6 7 10 12 1 11 12 5 7 11 1 12 5 7 6 11 2 12 5 7 7 11 1 12 5 7 6 11 11 2 10 12 46 46 46 52 0 12 6 6 6 7 12 0 12 7 14 14 14 20 0 12 6 6 6 11 2 10 7 6 6 11 1 12 5 7 6 11 1 12 5 7 6 11 1 12 5 7 6 6 11 2 10 7 6 6 6 7 10 2 11 6 6 6 7 5 7 11 11 1 11 11 7 5 7 6 1 6 6 11 1 12 7 5 7 12 1 11 6 6 5 6 11 12 0 12 11 6 6 7 5 7 1 6 6 6 7 7 0 7 2 6 11 11 1 11 10 21 21 26 1 11 5 6 5 6 12 2 10 7 7 9 9 10 10 2 11 6 6 6 7 5 12 1 11 6 6 6 7 5 12 11 1 11 11 16 17 20 2 11 6 6 6 6 12 2 10 7 7 8 8 14 0 12 6 6 6 6 12 10 2 11 11 6 6 12 0 12 6 6 6 11 12 12 0 12 7 1 11 272 275 2 11 6 11 2 12 7 10 2 11 5 12 59 70 5 12 1 12 5 7 6 12 0 12 6 7 0 12 6 7 0 7 6 11 1 12 5 7 11 1 10 7 11 1 5 6 11 2 10 7 6 11 2 10 7 11 2 5 6 6 12 0 12 6 6 7 5 7 6 12 0 11 6 6 7 10 2 11 11 6 6 11 6 7 10 7 6 6 1 2 5 7 7 6 6 12 1 11 7 6 16 11 10 20 11 11 11 1 1 7 5 12 1 11 8 7 17 14 12 7 2 5 5 6 11 2 10 7 6 21 18 17 7 1 5 6 11 11 2 10 12 6 6 9 8 3 1 0 1 6 12 2 10 7 7 16 16 1 1 10 0 5 10 11 2 10 12 6 6 8 8 5 5 12 0 11 7 7 5 7 7 6 11 1 11 6 6 7 5 12 11 1 11 11 6 6 7 0 2 6 6 1 6 7 12 0 12 7 6 6 6 0 0 6 6 0 6 6 12 10 2 11 6 6 6 5 5 11 1 10 6 6 7 12 0 12 11 11 36 6 1 7 5 12 1 11 6 7 5 2 2 7 12 1 5 6 11 2 10 12 6 16 6 0 10 6 6 0 6 6 12 0 12 12 6 78 26 0 52 6 6 0 6 6 12 10 2 12 11 8 6 10 2 11 6 5 6 11 2 10 7 6 6 11 0 10 6 6 20 15 0 20 6 6 11 10 1 11 12 52 55 2 12 6 6 7 10 2 11 6 6 5 3 5 9 1 11 7 5 7 4 4 9 2 10 7 6 6 7 5 8 2 12 19 20 5 10 1 11 6 7 8 2 11 6 6 9 1 12 5 7 9 1 11 6 6 7 5 10 1 11 6 6 6 7 8 12 1 11 6 7 5 12 6 11 7 10 2 11 6 7 10 7 11 6 12 0 12 6 11 6 6 12 0 12 6 6 11 1 12 5 7 6 6 11 1 12 5 12 6 11 6 11 2 10 12 6 11 6 11 2 10 7 11 6 6 7 12 5 17 11 6 1 7 6 12 1 12 5 12 6 6 7 11 7 16 12 5 2 6 7 11 1 12 5 12 6 6 7 5 7 6 6 1 6 7 10 12 1 12 11 7 6 12 0 12 7 6 7 6 7 0 12 1 12 6 11 6 7 6 3 2 6 5 6 1 7 5 7 6 12 11 16 1 2 1 3 2 1 0 1 1 2 0 2 1 2 1 1 1 1 1 1 1 0 1 1 2 2 0 2 2 1 1 2 0 2 1 1 1 1 1 0 2 0 2 1 2 1 1 1 0 0 1 1 1 0 1 1 1 1 2 2 3 
7:tests/minimal_init.lua
6 6 6 6 0 6 6 
